# project noname (1.0) configured on Wed Aug  3 19:41:40 2011 by
# waf 1.5.16 (abi 7, python 20701f0 on darwin)
# using /Users/eric/.nvm/v0.4.9/bin/node-waf configure
#

----------------------------------------
Setting srcdir to
/Volumes/Data/opt/node-lucene

----------------------------------------
Setting blddir to
/Volumes/Data/opt/node-lucene/build

----------------------------------------
Checking for program g++ or c++
  find program=['g++', 'c++'] paths=[] var='CXX'
  -> '/Developer/usr/bin/g++'

----------------------------------------
Checking for program cpp
  find program=['cpp'] paths=[] var='CPP'
  -> '/Developer/usr/bin/cpp'

----------------------------------------
Checking for program ar
  find program=['ar'] paths=[] var='AR'
  -> '/Developer/usr/bin/ar'

----------------------------------------
Checking for program ranlib
  find program=['ranlib'] paths=[] var='RANLIB'
  -> '/Developer/usr/bin/ranlib'

----------------------------------------
Checking for g++ 
ok 

----------------------------------------
Checking for node path 
ok /Users/eric/.node_libraries

----------------------------------------
Checking for node prefix 
ok /Volumes/Data/Users/eric/.nvm/v0.4.9
